Build started 28.01.2016 2:11:02.
     1>Project "E:\Компьютерная графика\SmallPT\SmallPT\SmallPT.vcxproj" on node 2 (build target(s)).
     1>InitializeBuildStatus:
         Creating "Debug\SmallPT.unsuccessfulbuild" because "AlwaysCreate" was specified.
       ClCompile:
         All outputs are up-to-date.
         C:\Program Files (x86)\Microsoft Visual Studio 10.0\VC\bin\CL.exe /c /ZI /nologo /W3 /WX- /Od /Oy- /D WIN32 /D _DEBUG /D _CONSOLE /D _UNICODE /D UNICODE /Gm /EHsc /RTC1 /MDd /GS /fp:precise /Zc:wchar_t /Zc:forScope /openmp /Yu"StdAfx.h" /Fp"Debug\SmallPT.pch" /Fo"Debug\\" /Fd"Debug\vc100.pdb" /Gd /TP /analyze- /errorReport:prompt SmallPT.cpp
         SmallPT.cpp
     1>e:\компьютерная графика\smallpt\smallpt\smallpt.cpp(24): warning C4244: 'initializing' : conversion from 'double' to 'int', possible loss of data
     1>e:\компьютерная графика\smallpt\smallpt\smallpt.cpp(107): warning C4996: 'fopen': This function or variable may be unsafe. Consider using fopen_s instead. To disable deprecation, use _CRT_SECURE_NO_WARNINGS. See online help for details.
                 c:\program files (x86)\microsoft visual studio 10.0\vc\include\stdio.h(234) : see declaration of 'fopen'
       ManifestResourceCompile:
         All outputs are up-to-date.
       Link:
         C:\Program Files (x86)\Microsoft Visual Studio 10.0\VC\bin\link.exe /ERRORREPORT:PROMPT /OUT:"E:\Компьютерная графика\SmallPT\Debug\SmallPT.exe" /INCREMENTAL /NOLOGO kernel32.lib user32.lib gdi32.lib winspool.lib comdlg32.lib advapi32.lib shell32.lib ole32.lib oleaut32.lib uuid.lib odbc32.lib odbccp32.lib /MANIFEST /ManifestFile:"Debug\SmallPT.exe.intermediate.manifest" /MANIFESTUAC:"level='asInvoker' uiAccess='false'" /DEBUG /PDB:"E:\Компьютерная графика\SmallPT\Debug\SmallPT.pdb" /SUBSYSTEM:CONSOLE /TLBID:1 /DYNAMICBASE /NXCOMPAT /IMPLIB:"E:\Компьютерная графика\SmallPT\Debug\SmallPT.lib" /MACHINE:X86 Debug\SmallPT.exe.embed.manifest.res
         Debug\SmallPT.obj
         Debug\stdafx.obj
       Manifest:
         C:\Program Files (x86)\Microsoft SDKs\Windows\v7.0A\bin\mt.exe /nologo /verbose /out:"Debug\SmallPT.exe.embed.manifest" /manifest Debug\SmallPT.exe.intermediate.manifest
         All outputs are up-to-date.
       LinkEmbedManifest:
         All outputs are up-to-date.
         SmallPT.vcxproj -> E:\Компьютерная графика\SmallPT\Debug\SmallPT.exe
       FinalizeBuildStatus:
         Deleting file "Debug\SmallPT.unsuccessfulbuild".
         Touching "Debug\SmallPT.lastbuildstate".
     1>Done Building Project "E:\Компьютерная графика\SmallPT\SmallPT\SmallPT.vcxproj" (build target(s)).

Build succeeded.

Time Elapsed 00:00:00.86
